<?xml version='1.0' encoding='utf-8'?>
<testsuites tests="6" failures="1" errors="0" skipped="0" time="1.79"><testsuite name="Root Suite" timestamp="2023-03-15T12:43:05" tests="0" file="cypress\e2e\todo_app\todo_interactions.cy.js" time="0" failures="0" errors="0" skipped="0">
  </testsuite>
  <testsuite name="[interactions] example to-do app" timestamp="2023-03-15T12:43:05" tests="2" time="0.829" failures="0" errors="0" skipped="0">
    <testcase name="[interactions] example to-do app [C2] can add new todo items" time="0.591" classname="[C2] can add new todo items">
    </testcase>
    <testcase name="[interactions] example to-do app [C3] can check off an item as completed" time="0.238" classname="[C3] can check off an item as completed">
    </testcase>
  </testsuite>
  <testsuite name="with a checked task" timestamp="2023-03-15T12:43:07" tests="3" time="0.626" failures="1" errors="0" skipped="0">
    <testcase name="[interactions] example to-do app with a checked task [C4] can filter for uncompleted tasks" time="0.309" classname="[C4] can filter for uncompleted tasks">
    </testcase>
    <testcase name="[interactions] example to-do app with a checked task [C5] can filter for completed tasks" time="0.317" classname="[C5] can filter for completed tasks">
    </testcase>
    <testcase name="[interactions] example to-do app with a checked task [C6] can delete all completed tasks" time="0.000" classname="[C6] can delete all completed tasks">
      <failure message="Timed out retrying after 4000ms: Not enough elements found. Found '1', expected '2'." type="AssertionError">AssertionError: Timed out retrying after 4000ms: Not enough elements found. Found '1', expected '2'.
    at Context.eval (webpack:///./cypress/e2e/todo_app/todo_interactions.cy.js:57:9)

      + expected - actual

      -1
      +2
      </failure>
    </testcase>
  </testsuite>
<testsuite name="Root Suite" timestamp="2023-03-15T12:43:15" tests="0" file="cypress\e2e\todo_app\todo_smoke.cy.js" time="0" failures="0" errors="0" skipped="0">
  </testsuite>
  <testsuite name="[smoke] example to-do app" timestamp="2023-03-15T12:43:15" tests="1" time="0.335" failures="0" errors="0" skipped="0">
    <testcase name="[smoke] example to-do app [C1] displays two todo items by default" time="0.335" classname="[C1] displays two todo items by default">
    </testcase>
  </testsuite>
</testsuites>