<?xml version="1.0" encoding="UTF-8"?>
<!-- Generated by org.testng.reporters.JUnitXMLReporter -->
<testsuite ignored="0" hostname="LAPTOP-09USROG2" failures="1" tests="4" name="Surefire test" time="0.034" errors="0" timestamp="2022-06-22T12:30:28 BST">
  <testcase classname="com.idera.testrail.tests.MultiplicationTest" name="MultiplyTwoNumbers" time="0.004"/>
  <testcase classname="com.idera.testrail.tests.SubtractionTests" name="SubtractTwoNumbers" time="0.0"/>
  <testcase classname="com.idera.testrail.tests.SumTests" name="AddTwoNumbers" time="0.001"/>
  <testcase classname="com.idera.testrail.tests.SumTests" name="AddTwoNumbersWithDecimals" time="0.0">
    <failure type="java.lang.AssertionError" message="1.5+1.4 should equal 3 expected [2.9] but found [3.0]">
      <![CDATA[java.lang.AssertionError: 1.5+1.4 should equal 3 expected [2.9] but found [3.0]
at com.idera.testrail.tests.SumTests.AddTwoNumbersWithDecimals(SumTests.java:15)
at java.base/java.util.ArrayList.forEach(ArrayList.java:1541)
... Removed 35 stack frames]]>
    </failure>
  </testcase> <!-- AddTwoNumbersWithDecimals -->
</testsuite> <!-- Surefire test -->
